This file contains any messages produced by compilers while
running configure, to aid debugging if configure makes a mistake.

It was created by configure, which was
generated by GNU Autoconf 2.59.  Invocation command line was

  $ ./configure --enable-maintainer-mode --enable-compile-warnings

## --------- ##
## Platform. ##
## --------- ##

hostname = localhost
uname -m = i686
uname -r = 2.6.16.21-0.8-smp
uname -s = Linux
uname -v = #1 SMP Mon Jul 3 18:25:39 UTC 2006

/usr/bin/uname -p = unknown
/bin/uname -X     = unknown

/bin/arch              = i686
/usr/bin/arch -k       = unknown
/usr/convex/getsysinfo = unknown
hostinfo               = unknown
/bin/machine           = unknown
/usr/bin/oslevel       = unknown
/bin/universe          = unknown

PATH: /home/dmsnell/bin
PATH: /usr/local/bin
PATH: /usr/bin
PATH: /sbin
PATH: /usr/X11R6/bin
PATH: /usr/sbin
PATH: /bin
PATH: /usr/games
PATH: /opt/gnome/bin
PATH: /opt/kde3/bin
PATH: /usr/lib/jvm/jre/bin
PATH: /usr/lib/mit/bin
PATH: /usr/lib/mit/sbin


## ----------- ##
## Core tests. ##
## ----------- ##

configure:1553: checking for a BSD-compatible install
configure:1608: result: /usr/bin/install -c
configure:1619: checking whether build environment is sane
configure:1662: result: yes
configure:1727: checking for gawk
configure:1743: found /usr/bin/gawk
configure:1753: result: gawk
configure:1763: checking whether make sets $(MAKE)
configure:1783: result: yes
configure:1997: checking for gcc
configure:2013: found /usr/bin/gcc
configure:2023: result: gcc
configure:2267: checking for C compiler version
configure:2270: gcc --version </dev/null >&5
gcc (GCC) 4.1.0 (SUSE Linux)
Copyright (C) 2006 Free Software Foundation, Inc.
This is free software; see the source for copying conditions.  There is NO
warranty; not even for MERCHANTABILITY or FITNESS FOR A PARTICULAR PURPOSE.

configure:2273: $? = 0
configure:2275: gcc -v </dev/null >&5
Using built-in specs.
Target: i586-suse-linux
Configured with: ../configure --enable-threads=posix --prefix=/usr --with-local-prefix=/usr/local --infodir=/usr/share/info --mandir=/usr/share/man --libdir=/usr/lib --libexecdir=/usr/lib --enable-languages=c,c++,objc,fortran,java,ada --enable-checking=release --with-gxx-include-dir=/usr/include/c++/4.1.0 --enable-ssp --disable-libssp --enable-java-awt=gtk --enable-gtk-cairo --disable-libjava-multilib --with-slibdir=/lib --with-system-zlib --enable-shared --enable-__cxa_atexit --enable-libstdcxx-allocator=new --without-system-libunwind --with-cpu=generic --host=i586-suse-linux
Thread model: posix
gcc version 4.1.0 (SUSE Linux)
configure:2278: $? = 0
configure:2280: gcc -V </dev/null >&5
gcc: '-V' option must have argument
configure:2283: $? = 1
configure:2306: checking for C compiler default output file name
configure:2309: gcc    conftest.c  >&5
configure:2312: $? = 0
configure:2358: result: a.out
configure:2363: checking whether the C compiler works
configure:2369: ./a.out
configure:2372: $? = 0
configure:2389: result: yes
configure:2396: checking whether we are cross compiling
configure:2398: result: no
configure:2401: checking for suffix of executables
configure:2403: gcc -o conftest    conftest.c  >&5
configure:2406: $? = 0
configure:2431: result: 
configure:2437: checking for suffix of object files
configure:2458: gcc -c   conftest.c >&5
configure:2461: $? = 0
configure:2483: result: o
configure:2487: checking whether we are using the GNU C compiler
configure:2511: gcc -c   conftest.c >&5
configure:2517: $? = 0
configure:2521: test -z 
			 || test ! -s conftest.err
configure:2524: $? = 0
configure:2527: test -s conftest.o
configure:2530: $? = 0
configure:2543: result: yes
configure:2549: checking whether gcc accepts -g
configure:2570: gcc -c -g  conftest.c >&5
configure:2576: $? = 0
configure:2580: test -z 
			 || test ! -s conftest.err
configure:2583: $? = 0
configure:2586: test -s conftest.o
configure:2589: $? = 0
configure:2600: result: yes
configure:2617: checking for gcc option to accept ANSI C
configure:2687: gcc  -c -g -O2  conftest.c >&5
configure:2693: $? = 0
configure:2697: test -z 
			 || test ! -s conftest.err
configure:2700: $? = 0
configure:2703: test -s conftest.o
configure:2706: $? = 0
configure:2724: result: none needed
configure:2742: gcc -c -g -O2  conftest.c >&5
conftest.c:2: error: expected '=', ',', ';', 'asm' or '__attribute__' before 'me'
configure:2748: $? = 1
configure: failed program was:
| #ifndef __cplusplus
|   choke me
| #endif
configure:2892: checking for style of include used by make
configure:2920: result: GNU
configure:2948: checking dependency style of gcc
configure:3038: result: gcc3
configure:3133: checking build system type
configure:3151: result: i686-suse-linux
configure:3159: checking host system type
configure:3173: result: i686-suse-linux
configure:3181: checking for a sed that does not truncate output
configure:3235: result: /usr/bin/sed
configure:3238: checking for egrep
configure:3248: result: grep -E
configure:3264: checking for ld used by gcc
configure:3331: result: /usr/i586-suse-linux/bin/ld
configure:3340: checking if the linker (/usr/i586-suse-linux/bin/ld) is GNU ld
configure:3355: result: yes
configure:3360: checking for /usr/i586-suse-linux/bin/ld option to reload object files
configure:3367: result: -r
configure:3385: checking for BSD-compatible nm
configure:3434: result: /usr/bin/nm -B
configure:3438: checking whether ln -s works
configure:3442: result: yes
configure:3449: checking how to recognise dependent libraries
configure:3625: result: pass_all
configure:3862: checking how to run the C preprocessor
configure:3897: gcc -E  conftest.c
configure:3903: $? = 0
configure:3935: gcc -E  conftest.c
conftest.c:11:28: error: ac_nonexistent.h: No such file or directory
configure:3941: $? = 1
configure: failed program was:
| /* confdefs.h.  */
| 
| #define PACKAGE_NAME ""
| #define PACKAGE_TARNAME ""
| #define PACKAGE_VERSION ""
| #define PACKAGE_STRING ""
| #define PACKAGE_BUGREPORT ""
| #define PACKAGE "heap-buddy"
| #define VERSION "0.2"
| /* end confdefs.h.  */
| #include <ac_nonexistent.h>
configure:3980: result: gcc -E
configure:4004: gcc -E  conftest.c
configure:4010: $? = 0
configure:4042: gcc -E  conftest.c
conftest.c:11:28: error: ac_nonexistent.h: No such file or directory
configure:4048: $? = 1
configure: failed program was:
| /* confdefs.h.  */
| 
| #define PACKAGE_NAME ""
| #define PACKAGE_TARNAME ""
| #define PACKAGE_VERSION ""
| #define PACKAGE_STRING ""
| #define PACKAGE_BUGREPORT ""
| #define PACKAGE "heap-buddy"
| #define VERSION "0.2"
| /* end confdefs.h.  */
| #include <ac_nonexistent.h>
configure:4092: checking for ANSI C header files
configure:4117: gcc -c -g -O2  conftest.c >&5
configure:4123: $? = 0
configure:4127: test -z 
			 || test ! -s conftest.err
configure:4130: $? = 0
configure:4133: test -s conftest.o
configure:4136: $? = 0
configure:4225: gcc -o conftest -g -O2   conftest.c  >&5
conftest.c: In function 'main':
conftest.c:28: warning: incompatible implicit declaration of built-in function 'exit'
configure:4228: $? = 0
configure:4230: ./conftest
configure:4233: $? = 0
configure:4248: result: yes
configure:4272: checking for sys/types.h
configure:4288: gcc -c -g -O2  conftest.c >&5
configure:4294: $? = 0
configure:4298: test -z 
			 || test ! -s conftest.err
configure:4301: $? = 0
configure:4304: test -s conftest.o
configure:4307: $? = 0
configure:4318: result: yes
configure:4272: checking for sys/stat.h
configure:4288: gcc -c -g -O2  conftest.c >&5
configure:4294: $? = 0
configure:4298: test -z 
			 || test ! -s conftest.err
configure:4301: $? = 0
configure:4304: test -s conftest.o
configure:4307: $? = 0
configure:4318: result: yes
configure:4272: checking for stdlib.h
configure:4288: gcc -c -g -O2  conftest.c >&5
configure:4294: $? = 0
configure:4298: test -z 
			 || test ! -s conftest.err
configure:4301: $? = 0
configure:4304: test -s conftest.o
configure:4307: $? = 0
configure:4318: result: yes
configure:4272: checking for string.h
configure:4288: gcc -c -g -O2  conftest.c >&5
configure:4294: $? = 0
configure:4298: test -z 
			 || test ! -s conftest.err
configure:4301: $? = 0
configure:4304: test -s conftest.o
configure:4307: $? = 0
configure:4318: result: yes
configure:4272: checking for memory.h
configure:4288: gcc -c -g -O2  conftest.c >&5
configure:4294: $? = 0
configure:4298: test -z 
			 || test ! -s conftest.err
configure:4301: $? = 0
configure:4304: test -s conftest.o
configure:4307: $? = 0
configure:4318: result: yes
configure:4272: checking for strings.h
configure:4288: gcc -c -g -O2  conftest.c >&5
configure:4294: $? = 0
configure:4298: test -z 
			 || test ! -s conftest.err
configure:4301: $? = 0
configure:4304: test -s conftest.o
configure:4307: $? = 0
configure:4318: result: yes
configure:4272: checking for inttypes.h
configure:4288: gcc -c -g -O2  conftest.c >&5
configure:4294: $? = 0
configure:4298: test -z 
			 || test ! -s conftest.err
configure:4301: $? = 0
configure:4304: test -s conftest.o
configure:4307: $? = 0
configure:4318: result: yes
configure:4272: checking for stdint.h
configure:4288: gcc -c -g -O2  conftest.c >&5
configure:4294: $? = 0
configure:4298: test -z 
			 || test ! -s conftest.err
configure:4301: $? = 0
configure:4304: test -s conftest.o
configure:4307: $? = 0
configure:4318: result: yes
configure:4272: checking for unistd.h
configure:4288: gcc -c -g -O2  conftest.c >&5
configure:4294: $? = 0
configure:4298: test -z 
			 || test ! -s conftest.err
configure:4301: $? = 0
configure:4304: test -s conftest.o
configure:4307: $? = 0
configure:4318: result: yes
configure:4344: checking dlfcn.h usability
configure:4356: gcc -c -g -O2  conftest.c >&5
configure:4362: $? = 0
configure:4366: test -z 
			 || test ! -s conftest.err
configure:4369: $? = 0
configure:4372: test -s conftest.o
configure:4375: $? = 0
configure:4385: result: yes
configure:4389: checking dlfcn.h presence
configure:4399: gcc -E  conftest.c
configure:4405: $? = 0
configure:4425: result: yes
configure:4460: checking for dlfcn.h
configure:4467: result: yes
configure:4532: checking for g++
configure:4561: result: no
configure:4532: checking for c++
configure:4561: result: no
configure:4532: checking for gpp
configure:4561: result: no
configure:4532: checking for aCC
configure:4561: result: no
configure:4532: checking for CC
configure:4561: result: no
configure:4532: checking for cxx
configure:4561: result: no
configure:4532: checking for cc++
configure:4561: result: no
configure:4532: checking for cl
configure:4561: result: no
configure:4532: checking for FCC
configure:4561: result: no
configure:4532: checking for KCC
configure:4561: result: no
configure:4532: checking for RCC
configure:4561: result: no
configure:4532: checking for xlC_r
configure:4561: result: no
configure:4532: checking for xlC
configure:4561: result: no
configure:4574: checking for C++ compiler version
configure:4577: g++ --version </dev/null >&5
./configure: line 4578: g++: command not found
configure:4580: $? = 127
configure:4582: g++ -v </dev/null >&5
./configure: line 4583: g++: command not found
configure:4585: $? = 127
configure:4587: g++ -V </dev/null >&5
./configure: line 4588: g++: command not found
configure:4590: $? = 127
configure:4593: checking whether we are using the GNU C++ compiler
configure:4617: g++ -c   conftest.cc >&5
./configure: line 4618: g++: command not found
configure:4623: $? = 127
configure: failed program was:
| /* confdefs.h.  */
| 
| #define PACKAGE_NAME ""
| #define PACKAGE_TARNAME ""
| #define PACKAGE_VERSION ""
| #define PACKAGE_STRING ""
| #define PACKAGE_BUGREPORT ""
| #define PACKAGE "heap-buddy"
| #define VERSION "0.2"
| #define STDC_HEADERS 1
| #define HAVE_SYS_TYPES_H 1
| #define HAVE_SYS_STAT_H 1
| #define HAVE_STDLIB_H 1
| #define HAVE_STRING_H 1
| #define HAVE_MEMORY_H 1
| #define HAVE_STRINGS_H 1
| #define HAVE_INTTYPES_H 1
| #define HAVE_STDINT_H 1
| #define HAVE_UNISTD_H 1
| #define HAVE_DLFCN_H 1
| /* end confdefs.h.  */
| 
| int
| main ()
| {
| #ifndef __GNUC__
|        choke me
| #endif
| 
|   ;
|   return 0;
| }
configure:4649: result: no
configure:4655: checking whether g++ accepts -g
configure:4676: g++ -c -g  conftest.cc >&5
./configure: line 4677: g++: command not found
configure:4682: $? = 127
configure: failed program was:
| /* confdefs.h.  */
| 
| #define PACKAGE_NAME ""
| #define PACKAGE_TARNAME ""
| #define PACKAGE_VERSION ""
| #define PACKAGE_STRING ""
| #define PACKAGE_BUGREPORT ""
| #define PACKAGE "heap-buddy"
| #define VERSION "0.2"
| #define STDC_HEADERS 1
| #define HAVE_SYS_TYPES_H 1
| #define HAVE_SYS_STAT_H 1
| #define HAVE_STDLIB_H 1
| #define HAVE_STRING_H 1
| #define HAVE_MEMORY_H 1
| #define HAVE_STRINGS_H 1
| #define HAVE_INTTYPES_H 1
| #define HAVE_STDINT_H 1
| #define HAVE_UNISTD_H 1
| #define HAVE_DLFCN_H 1
| /* end confdefs.h.  */
| 
| int
| main ()
| {
| 
|   ;
|   return 0;
| }
configure:4706: result: no
configure:4748: g++ -c   conftest.cc >&5
./configure: line 4749: g++: command not found
configure:4754: $? = 127
configure: failed program was:
| /* confdefs.h.  */
| 
| #define PACKAGE_NAME ""
| #define PACKAGE_TARNAME ""
| #define PACKAGE_VERSION ""
| #define PACKAGE_STRING ""
| #define PACKAGE_BUGREPORT ""
| #define PACKAGE "heap-buddy"
| #define VERSION "0.2"
| #define STDC_HEADERS 1
| #define HAVE_SYS_TYPES_H 1
| #define HAVE_SYS_STAT_H 1
| #define HAVE_STDLIB_H 1
| #define HAVE_STRING_H 1
| #define HAVE_MEMORY_H 1
| #define HAVE_STRINGS_H 1
| #define HAVE_INTTYPES_H 1
| #define HAVE_STDINT_H 1
| #define HAVE_UNISTD_H 1
| #define HAVE_DLFCN_H 1
| /* end confdefs.h.  */
| 
| #include <stdlib.h>
| int
| main ()
| {
| exit (42);
|   ;
|   return 0;
| }
configure:4748: g++ -c   conftest.cc >&5
./configure: line 4749: g++: command not found
configure:4754: $? = 127
configure: failed program was:
| /* confdefs.h.  */
| 
| #define PACKAGE_NAME ""
| #define PACKAGE_TARNAME ""
| #define PACKAGE_VERSION ""
| #define PACKAGE_STRING ""
| #define PACKAGE_BUGREPORT ""
| #define PACKAGE "heap-buddy"
| #define VERSION "0.2"
| #define STDC_HEADERS 1
| #define HAVE_SYS_TYPES_H 1
| #define HAVE_SYS_STAT_H 1
| #define HAVE_STDLIB_H 1
| #define HAVE_STRING_H 1
| #define HAVE_MEMORY_H 1
| #define HAVE_STRINGS_H 1
| #define HAVE_INTTYPES_H 1
| #define HAVE_STDINT_H 1
| #define HAVE_UNISTD_H 1
| #define HAVE_DLFCN_H 1
| /* end confdefs.h.  */
| extern "C" void std::exit (int) throw (); using std::exit;
| #include <stdlib.h>
| int
| main ()
| {
| exit (42);
|   ;
|   return 0;
| }
configure:4748: g++ -c   conftest.cc >&5
./configure: line 4749: g++: command not found
configure:4754: $? = 127
configure: failed program was:
| /* confdefs.h.  */
| 
| #define PACKAGE_NAME ""
| #define PACKAGE_TARNAME ""
| #define PACKAGE_VERSION ""
| #define PACKAGE_STRING ""
| #define PACKAGE_BUGREPORT ""
| #define PACKAGE "heap-buddy"
| #define VERSION "0.2"
| #define STDC_HEADERS 1
| #define HAVE_SYS_TYPES_H 1
| #define HAVE_SYS_STAT_H 1
| #define HAVE_STDLIB_H 1
| #define HAVE_STRING_H 1
| #define HAVE_MEMORY_H 1
| #define HAVE_STRINGS_H 1
| #define HAVE_INTTYPES_H 1
| #define HAVE_STDINT_H 1
| #define HAVE_UNISTD_H 1
| #define HAVE_DLFCN_H 1
| /* end confdefs.h.  */
| extern "C" void std::exit (int); using std::exit;
| #include <stdlib.h>
| int
| main ()
| {
| exit (42);
|   ;
|   return 0;
| }
configure:4748: g++ -c   conftest.cc >&5
./configure: line 4749: g++: command not found
configure:4754: $? = 127
configure: failed program was:
| /* confdefs.h.  */
| 
| #define PACKAGE_NAME ""
| #define PACKAGE_TARNAME ""
| #define PACKAGE_VERSION ""
| #define PACKAGE_STRING ""
| #define PACKAGE_BUGREPORT ""
| #define PACKAGE "heap-buddy"
| #define VERSION "0.2"
| #define STDC_HEADERS 1
| #define HAVE_SYS_TYPES_H 1
| #define HAVE_SYS_STAT_H 1
| #define HAVE_STDLIB_H 1
| #define HAVE_STRING_H 1
| #define HAVE_MEMORY_H 1
| #define HAVE_STRINGS_H 1
| #define HAVE_INTTYPES_H 1
| #define HAVE_STDINT_H 1
| #define HAVE_UNISTD_H 1
| #define HAVE_DLFCN_H 1
| /* end confdefs.h.  */
| extern "C" void exit (int) throw ();
| #include <stdlib.h>
| int
| main ()
| {
| exit (42);
|   ;
|   return 0;
| }
configure:4748: g++ -c   conftest.cc >&5
./configure: line 4749: g++: command not found
configure:4754: $? = 127
configure: failed program was:
| /* confdefs.h.  */
| 
| #define PACKAGE_NAME ""
| #define PACKAGE_TARNAME ""
| #define PACKAGE_VERSION ""
| #define PACKAGE_STRING ""
| #define PACKAGE_BUGREPORT ""
| #define PACKAGE "heap-buddy"
| #define VERSION "0.2"
| #define STDC_HEADERS 1
| #define HAVE_SYS_TYPES_H 1
| #define HAVE_SYS_STAT_H 1
| #define HAVE_STDLIB_H 1
| #define HAVE_STRING_H 1
| #define HAVE_MEMORY_H 1
| #define HAVE_STRINGS_H 1
| #define HAVE_INTTYPES_H 1
| #define HAVE_STDINT_H 1
| #define HAVE_UNISTD_H 1
| #define HAVE_DLFCN_H 1
| /* end confdefs.h.  */
| extern "C" void exit (int);
| #include <stdlib.h>
| int
| main ()
| {
| exit (42);
|   ;
|   return 0;
| }
configure:4748: g++ -c   conftest.cc >&5
./configure: line 4749: g++: command not found
configure:4754: $? = 127
configure: failed program was:
| /* confdefs.h.  */
| 
| #define PACKAGE_NAME ""
| #define PACKAGE_TARNAME ""
| #define PACKAGE_VERSION ""
| #define PACKAGE_STRING ""
| #define PACKAGE_BUGREPORT ""
| #define PACKAGE "heap-buddy"
| #define VERSION "0.2"
| #define STDC_HEADERS 1
| #define HAVE_SYS_TYPES_H 1
| #define HAVE_SYS_STAT_H 1
| #define HAVE_STDLIB_H 1
| #define HAVE_STRING_H 1
| #define HAVE_MEMORY_H 1
| #define HAVE_STRINGS_H 1
| #define HAVE_INTTYPES_H 1
| #define HAVE_STDINT_H 1
| #define HAVE_UNISTD_H 1
| #define HAVE_DLFCN_H 1
| /* end confdefs.h.  */
| void exit (int);
| #include <stdlib.h>
| int
| main ()
| {
| exit (42);
|   ;
|   return 0;
| }
configure:4837: checking dependency style of g++
configure:4927: result: none
configure:5233: checking for g77
configure:5262: result: no
configure:5233: checking for f77
configure:5262: result: no
configure:5233: checking for xlf
configure:5262: result: no
configure:5233: checking for frt
configure:5262: result: no
configure:5233: checking for pgf77
configure:5262: result: no
configure:5233: checking for fort77
configure:5262: result: no
configure:5233: checking for fl32
configure:5262: result: no
configure:5233: checking for af77
configure:5262: result: no
configure:5233: checking for f90
configure:5262: result: no
configure:5233: checking for xlf90
configure:5262: result: no
configure:5233: checking for pgf90
configure:5262: result: no
configure:5233: checking for epcf90
configure:5262: result: no
configure:5233: checking for f95
configure:5262: result: no
configure:5233: checking for fort
configure:5262: result: no
configure:5233: checking for xlf95
configure:5262: result: no
configure:5233: checking for ifc
configure:5262: result: no
configure:5233: checking for efc
configure:5262: result: no
configure:5233: checking for pgf95
configure:5262: result: no
configure:5233: checking for lf95
configure:5262: result: no
configure:5233: checking for gfortran
configure:5262: result: no
configure:5274: checking for Fortran 77 compiler version
configure:5277:  --version </dev/null >&5
./configure: line 5278: --version: command not found
configure:5280: $? = 127
configure:5282:  -v </dev/null >&5
./configure: line 5283: -v: command not found
configure:5285: $? = 127
configure:5287:  -V </dev/null >&5
./configure: line 5288: -V: command not found
configure:5290: $? = 127
configure:5298: checking whether we are using the GNU Fortran 77 compiler
configure:5312:  -c  conftest.F >&5
./configure: line 5313: -c: command not found
configure:5318: $? = 127
configure: failed program was:
|       program main
| #ifndef __GNUC__
|        choke me
| #endif
| 
|       end
configure:5344: result: no
configure:5350: checking whether  accepts -g
configure:5362:  -c -g conftest.f >&5
./configure: line 5363: -c: command not found
configure:5368: $? = 127
configure: failed program was:
|       program main
| 
|       end
configure:5393: result: no
configure:5423: checking the maximum length of command line arguments
configure:5532: result: 32768
configure:5543: checking command to parse /usr/bin/nm -B output from gcc object
configure:5648: gcc -c -g -O2  conftest.c >&5
configure:5651: $? = 0
configure:5655: /usr/bin/nm -B conftest.o \| sed -n -e 's/^.*[ 	]\([ABCDGIRSTW][ABCDGIRSTW]*\)[ 	][ 	]*\([_A-Za-z][_A-Za-z0-9]*\)$/\1 \2 \2/p' \> conftest.nm
configure:5658: $? = 0
configure:5710: gcc -o conftest -g -O2   conftest.c conftstm.o >&5
configure:5713: $? = 0
configure:5751: result: ok
configure:5755: checking for objdir
configure:5770: result: .libs
configure:5860: checking for ar
configure:5876: found /usr/bin/ar
configure:5887: result: ar
configure:5940: checking for ranlib
configure:5956: found /usr/bin/ranlib
configure:5967: result: ranlib
configure:6020: checking for strip
configure:6036: found /usr/bin/strip
configure:6047: result: strip
configure:6319: checking if gcc supports -fno-rtti -fno-exceptions
configure:6337: gcc -c -g -O2  -fno-rtti -fno-exceptions conftest.c >&5
cc1: warning: command line option "-fno-rtti" is valid for C++/ObjC++ but not for C
configure:6341: $? = 0
configure:6354: result: no
configure:6369: checking for gcc option to produce PIC
configure:6579: result: -fPIC
configure:6587: checking if gcc PIC flag -fPIC works
configure:6605: gcc -c -g -O2  -fPIC -DPIC conftest.c >&5
configure:6609: $? = 0
configure:6622: result: yes
configure:6650: checking if gcc static flag -static works
configure:6678: result: yes
configure:6688: checking if gcc supports -c -o file.o
configure:6709: gcc -c -g -O2  -o out/conftest2.o conftest.c >&5
configure:6713: $? = 0
configure:6735: result: yes
configure:6761: checking whether the gcc linker (/usr/i586-suse-linux/bin/ld) supports shared libraries
configure:7719: result: yes
configure:7740: checking whether -lc should be explicitly linked in
configure:7745: gcc -c -g -O2  conftest.c >&5
configure:7748: $? = 0
configure:7763: gcc -shared conftest.o  -v -Wl,-soname -Wl,conftest -o conftest 2\>\&1 \| grep  -lc  \>/dev/null 2\>\&1
configure:7766: $? = 0
configure:7778: result: no
configure:7786: checking dynamic linker characteristics
configure:8374: result: GNU/Linux ld.so
configure:8383: checking how to hardcode library paths into programs
configure:8408: result: immediate
configure:8422: checking whether stripping libraries is possible
configure:8427: result: yes
configure:9261: checking if libtool supports shared libraries
configure:9263: result: yes
configure:9266: checking whether to build shared libraries
configure:9287: result: yes
configure:9290: checking whether to build static libraries
configure:9294: result: yes
configure:9386: creating libtool
configure:18563: checking for pkg-config
configure:18581: found /usr/bin/pkg-config
configure:18593: result: /usr/bin/pkg-config
configure:18608: checking pkg-config is at least version 0.9.0
configure:18611: result: yes
configure:18622: checking for PROFILER
configure:18630: $PKG_CONFIG --exists --print-errors "mono glib-2.0"
configure:18633: $? = 0
configure:18648: $PKG_CONFIG --exists --print-errors "mono glib-2.0"
configure:18651: $? = 0
configure:18727: result: yes
configure:18734: checking for mcs
configure:18752: found /usr/bin/mcs
configure:18764: result: /usr/bin/mcs
configure:18773: checking for mono
configure:18791: found /usr/bin/mono
configure:18803: result: /usr/bin/mono
configure:18959: creating ./config.status

## ---------------------- ##
## Running config.status. ##
## ---------------------- ##

This file was extended by config.status, which was
generated by GNU Autoconf 2.59.  Invocation command line was

  CONFIG_FILES    = 
  CONFIG_HEADERS  = 
  CONFIG_LINKS    = 
  CONFIG_COMMANDS = 
  $ ./config.status 

on localhost

config.status:715: creating Makefile
config.status:715: creating profiler/Makefile
config.status:715: creating analyzer/Makefile
config.status:715: creating test/Makefile
config.status:898: executing depfiles commands

## ---------------- ##
## Cache variables. ##
## ---------------- ##

ac_cv_build=i686-suse-linux
ac_cv_build_alias=i686-suse-linux
ac_cv_c_compiler_gnu=yes
ac_cv_cxx_compiler_gnu=no
ac_cv_env_CC_set=
ac_cv_env_CC_value=
ac_cv_env_CFLAGS_set=
ac_cv_env_CFLAGS_value=
ac_cv_env_CPPFLAGS_set=
ac_cv_env_CPPFLAGS_value=
ac_cv_env_CPP_set=
ac_cv_env_CPP_value=
ac_cv_env_CXXCPP_set=
ac_cv_env_CXXCPP_value=
ac_cv_env_CXXFLAGS_set=
ac_cv_env_CXXFLAGS_value=
ac_cv_env_CXX_set=
ac_cv_env_CXX_value=
ac_cv_env_F77_set=
ac_cv_env_F77_value=
ac_cv_env_FFLAGS_set=
ac_cv_env_FFLAGS_value=
ac_cv_env_LDFLAGS_set=
ac_cv_env_LDFLAGS_value=
ac_cv_env_PKG_CONFIG_set=
ac_cv_env_PKG_CONFIG_value=
ac_cv_env_PROFILER_CFLAGS_set=
ac_cv_env_PROFILER_CFLAGS_value=
ac_cv_env_PROFILER_LIBS_set=
ac_cv_env_PROFILER_LIBS_value=
ac_cv_env_build_alias_set=
ac_cv_env_build_alias_value=
ac_cv_env_host_alias_set=
ac_cv_env_host_alias_value=
ac_cv_env_target_alias_set=
ac_cv_env_target_alias_value=
ac_cv_exeext=
ac_cv_f77_compiler_gnu=no
ac_cv_header_dlfcn_h=yes
ac_cv_header_inttypes_h=yes
ac_cv_header_memory_h=yes
ac_cv_header_stdc=yes
ac_cv_header_stdint_h=yes
ac_cv_header_stdlib_h=yes
ac_cv_header_string_h=yes
ac_cv_header_strings_h=yes
ac_cv_header_sys_stat_h=yes
ac_cv_header_sys_types_h=yes
ac_cv_header_unistd_h=yes
ac_cv_host=i686-suse-linux
ac_cv_host_alias=i686-suse-linux
ac_cv_objext=o
ac_cv_path_MCS=/usr/bin/mcs
ac_cv_path_MONO=/usr/bin/mono
ac_cv_path_ac_pt_PKG_CONFIG=/usr/bin/pkg-config
ac_cv_path_install='/usr/bin/install -c'
ac_cv_prog_AWK=gawk
ac_cv_prog_CPP='gcc -E'
ac_cv_prog_ac_ct_AR=ar
ac_cv_prog_ac_ct_CC=gcc
ac_cv_prog_ac_ct_RANLIB=ranlib
ac_cv_prog_ac_ct_STRIP=strip
ac_cv_prog_cc_g=yes
ac_cv_prog_cc_stdc=
ac_cv_prog_cxx_g=no
ac_cv_prog_egrep='grep -E'
ac_cv_prog_f77_g=no
ac_cv_prog_make_make_set=yes
am_cv_CC_dependencies_compiler_type=gcc3
am_cv_CXX_dependencies_compiler_type=none
lt_cv_deplibs_check_method=pass_all
lt_cv_file_magic_cmd='$MAGIC_CMD'
lt_cv_file_magic_test_file=
lt_cv_ld_reload_flag=-r
lt_cv_objdir=.libs
lt_cv_path_LD=/usr/i586-suse-linux/bin/ld
lt_cv_path_NM='/usr/bin/nm -B'
lt_cv_path_SED=/usr/bin/sed
lt_cv_prog_compiler_c_o=yes
lt_cv_prog_compiler_rtti_exceptions=no
lt_cv_prog_gnu_ld=yes
lt_cv_sys_global_symbol_pipe='sed -n -e '\''s/^.*[ 	]\([ABCDGIRSTW][ABCDGIRSTW]*\)[ 	][ 	]*\([_A-Za-z][_A-Za-z0-9]*\)$/\1 \2 \2/p'\'''
lt_cv_sys_global_symbol_to_c_name_address='sed -n -e '\''s/^: \([^ ]*\) $/  {\"\1\", (lt_ptr) 0},/p'\'' -e '\''s/^[BCDEGRST] \([^ ]*\) \([^ ]*\)$/  {"\2", (lt_ptr) \&\2},/p'\'''
lt_cv_sys_global_symbol_to_cdecl='sed -n -e '\''s/^. .* \(.*\)$/extern int \1;/p'\'''
lt_cv_sys_max_cmd_len=32768
lt_lt_cv_prog_compiler_c_o='"yes"'
lt_lt_cv_sys_global_symbol_pipe='"sed -n -e '\''s/^.*[ 	]\\([ABCDGIRSTW][ABCDGIRSTW]*\\)[ 	][ 	]*\\([_A-Za-z][_A-Za-z0-9]*\\)\$/\\1 \\2 \\2/p'\''"'
lt_lt_cv_sys_global_symbol_to_c_name_address='"sed -n -e '\''s/^: \\([^ ]*\\) \$/  {\\\"\\1\\\", (lt_ptr) 0},/p'\'' -e '\''s/^[BCDEGRST] \\([^ ]*\\) \\([^ ]*\\)\$/  {\"\\2\", (lt_ptr) \\&\\2},/p'\''"'
lt_lt_cv_sys_global_symbol_to_cdecl='"sed -n -e '\''s/^. .* \\(.*\\)\$/extern int \\1;/p'\''"'
pkg_cv_PROFILER_CFLAGS='-D_REENTRANT -pthread -I/usr/lib/pkgconfig/../../include -I/opt/gnome/include/glib-2.0 -I/opt/gnome/lib/glib-2.0/include  '
pkg_cv_PROFILER_LIBS='-Wl,--export-dynamic -pthread -L/usr/lib/pkgconfig/../../lib -L/opt/gnome/lib -lmono -lpthread -lm -lgmodule-2.0 -ldl -lgthread-2.0 -lglib-2.0  '

## ----------------- ##
## Output variables. ##
## ----------------- ##

ACLOCAL='${SHELL} /home/dmsnell/heap-buddy/missing --run aclocal-1.9'
AMDEPBACKSLASH='\'
AMDEP_FALSE='#'
AMDEP_TRUE=''
AMTAR='${SHELL} /home/dmsnell/heap-buddy/missing --run tar'
AR='ar'
AUTOCONF='${SHELL} /home/dmsnell/heap-buddy/missing --run autoconf'
AUTOHEADER='${SHELL} /home/dmsnell/heap-buddy/missing --run autoheader'
AUTOMAKE='${SHELL} /home/dmsnell/heap-buddy/missing --run automake-1.9'
AWK='gawk'
CC='gcc'
CCDEPMODE='depmode=gcc3'
CFLAGS='-g -O2'
CPP='gcc -E'
CPPFLAGS=''
CXX='g++'
CXXCPP=''
CXXDEPMODE='depmode=none'
CXXFLAGS=''
CYGPATH_W='echo'
DEFS='-DPACKAGE_NAME=\"\" -DPACKAGE_TARNAME=\"\" -DPACKAGE_VERSION=\"\" -DPACKAGE_STRING=\"\" -DPACKAGE_BUGREPORT=\"\" -DPACKAGE=\"heap-buddy\" -DVERSION=\"0.2\" -DSTDC_HEADERS=1 -DHAVE_SYS_TYPES_H=1 -DHAVE_SYS_STAT_H=1 -DHAVE_STDLIB_H=1 -DHAVE_STRING_H=1 -DHAVE_MEMORY_H=1 -DHAVE_STRINGS_H=1 -DHAVE_INTTYPES_H=1 -DHAVE_STDINT_H=1 -DHAVE_UNISTD_H=1 -DHAVE_DLFCN_H=1 '
DEPDIR='.deps'
ECHO='echo'
ECHO_C=''
ECHO_N='-n'
ECHO_T=''
EGREP='grep -E'
EXEEXT=''
F77=''
FFLAGS=''
INSTALL_DATA='${INSTALL} -m 644'
INSTALL_PROGRAM='${INSTALL}'
INSTALL_SCRIPT='${INSTALL}'
INSTALL_STRIP_PROGRAM='${SHELL} $(install_sh) -c -s'
LDFLAGS=''
LIBOBJS=''
LIBS=''
LIBTOOL='$(SHELL) $(top_builddir)/libtool'
LN_S='ln -s'
LTLIBOBJS=''
MAKEINFO='${SHELL} /home/dmsnell/heap-buddy/missing --run makeinfo'
MCS='/usr/bin/mcs'
MONO='/usr/bin/mono'
OBJEXT='o'
PACKAGE='heap-buddy'
PACKAGE_BUGREPORT=''
PACKAGE_NAME=''
PACKAGE_STRING=''
PACKAGE_TARNAME=''
PACKAGE_VERSION=''
PATH_SEPARATOR=':'
PKG_CONFIG='/usr/bin/pkg-config'
PROFILER_CFLAGS='-D_REENTRANT -pthread -I/usr/lib/pkgconfig/../../include -I/opt/gnome/include/glib-2.0 -I/opt/gnome/lib/glib-2.0/include  '
PROFILER_LIBS='-Wl,--export-dynamic -pthread -L/usr/lib/pkgconfig/../../lib -L/opt/gnome/lib -lmono -lpthread -lm -lgmodule-2.0 -ldl -lgthread-2.0 -lglib-2.0  '
RANLIB='ranlib'
SET_MAKE=''
SHELL='/bin/sh'
STRIP='strip'
VERSION='0.2'
ac_ct_AR='ar'
ac_ct_CC='gcc'
ac_ct_CXX='g++'
ac_ct_F77=''
ac_ct_RANLIB='ranlib'
ac_ct_STRIP='strip'
ac_pt_PKG_CONFIG='/usr/bin/pkg-config'
am__fastdepCC_FALSE='#'
am__fastdepCC_TRUE=''
am__fastdepCXX_FALSE=''
am__fastdepCXX_TRUE='#'
am__include='include'
am__leading_dot='.'
am__quote=''
am__tar='${AMTAR} chof - "$$tardir"'
am__untar='${AMTAR} xf -'
bindir='${exec_prefix}/bin'
build='i686-suse-linux'
build_alias=''
build_cpu='i686'
build_os='linux'
build_vendor='suse'
datadir='${prefix}/share'
exec_prefix='${prefix}'
host='i686-suse-linux'
host_alias=''
host_cpu='i686'
host_os='linux'
host_vendor='suse'
includedir='${prefix}/include'
infodir='${prefix}/info'
install_sh='/home/dmsnell/heap-buddy/install-sh'
libdir='${exec_prefix}/lib'
libexecdir='${exec_prefix}/libexec'
localstatedir='${prefix}/var'
mandir='${prefix}/man'
mkdir_p='mkdir -p --'
oldincludedir='/usr/include'
prefix='/usr/local'
program_transform_name='s,x,x,'
sbindir='${exec_prefix}/sbin'
sharedstatedir='${prefix}/com'
sysconfdir='${prefix}/etc'
target_alias=''

## ----------- ##
## confdefs.h. ##
## ----------- ##

#define HAVE_DLFCN_H 1
#define HAVE_INTTYPES_H 1
#define HAVE_MEMORY_H 1
#define HAVE_STDINT_H 1
#define HAVE_STDLIB_H 1
#define HAVE_STRINGS_H 1
#define HAVE_STRING_H 1
#define HAVE_SYS_STAT_H 1
#define HAVE_SYS_TYPES_H 1
#define HAVE_UNISTD_H 1
#define PACKAGE "heap-buddy"
#define PACKAGE_BUGREPORT ""
#define PACKAGE_NAME ""
#define PACKAGE_STRING ""
#define PACKAGE_TARNAME ""
#define PACKAGE_VERSION ""
#define STDC_HEADERS 1
#define VERSION "0.2"
#endif
#ifdef __cplusplus
void exit (int);

configure: exit 0

## ---------------------- ##
## Running config.status. ##
## ---------------------- ##

This file was extended by config.status, which was
generated by GNU Autoconf 2.59.  Invocation command line was

  CONFIG_FILES    = 
  CONFIG_HEADERS  = 
  CONFIG_LINKS    = 
  CONFIG_COMMANDS = 
  $ ./config.status analyzer/Makefile

on localhost

config.status:715: creating analyzer/Makefile
